e:\code\cli_test\unmanageddll\debug\vc120.pdb
e:\code\cli_test\unmanageddll\debug\.netframework,version=v4.5.assemblyattributes.obj
e:\code\cli_test\unmanageddll\debug\unmanageddll.obj
e:\code\cli_test\unmanageddll\debug\assemblyinfo.obj
e:\code\cli_test\unmanageddll\debug\unmanaged.obj
e:\code\cli_test\unmanaged\debug\unmanageddll.dll
e:\code\cli_test\unmanaged\debug\unmanageddll.pdb
e:\code\cli_test\unmanageddll\debug\app.res
e:\code\cli_test\unmanageddll\debug\unmanageddll.vcxprojresolveassemblyreference.cache
e:\code\cli_test\unmanageddll\debug\stdafx.obj
e:\code\cli_test\unmanageddll\debug\unmanageddll.pch
e:\code\cli_test\unmanageddll\debug\unmanageddll.tlog\cl.command.1.tlog
e:\code\cli_test\unmanageddll\debug\unmanageddll.tlog\cl.read.1.tlog
e:\code\cli_test\unmanageddll\debug\unmanageddll.tlog\cl.write.1.tlog
e:\code\cli_test\unmanageddll\debug\unmanageddll.tlog\link.command.1.tlog
e:\code\cli_test\unmanageddll\debug\unmanageddll.tlog\link.read.1.tlog
e:\code\cli_test\unmanageddll\debug\unmanageddll.tlog\link.write.1.tlog
e:\code\cli_test\unmanageddll\debug\unmanageddll.tlog\metagen.read.1.tlog
e:\code\cli_test\unmanageddll\debug\unmanageddll.tlog\metagen.write.1.tlog
e:\code\cli_test\unmanageddll\debug\unmanageddll.tlog\rc.command.1.tlog
e:\code\cli_test\unmanageddll\debug\unmanageddll.tlog\rc.read.1.tlog
e:\code\cli_test\unmanageddll\debug\unmanageddll.tlog\rc.write.1.tlog
e:\code\cli_test\unmanageddll\debug\unmanageddll.tlog\rsaenh.dll.bi
e:\code\cli_test\unmanageddll\debug\unmanageddll.tlog\tzres.dll.bi
